2025-04-04 11:36:48.816856 - Received CBT.V508.FILE550.PDS from FILE550.XMI 
2025-04-04 11:36:48.818508 - Found $$$#DATE.txt (text/plain) in CBT.V508.FILE550.PDS, moved to PDS/$$$#DATE
2025-04-04 11:36:48.818661 - Found $$NOTE$$.txt (text/plain) in CBT.V508.FILE550.PDS, moved to PDS/$$NOTE$$
2025-04-04 11:36:48.818949 - Found $$NOTE$1.eml (message/rfc822) in CBT.V508.FILE550.PDS, moved to PDS/$$NOTE$1
2025-04-04 11:36:48.819134 - Found $$READ$$.txt (text/plain) in CBT.V508.FILE550.PDS, moved to PDS/$$READ$$
2025-04-04 11:36:48.819276 - Found $MENDDO1.txt (text/plain) in CBT.V508.FILE550.PDS, moved to PDS/$MENDDO1
2025-04-04 11:36:48.819407 - Found $MENDDO2.txt (text/plain) in CBT.V508.FILE550.PDS, moved to PDS/$MENDDO2
2025-04-04 11:36:48.819546 - Found $MGBLDEF.txt (text/plain) in CBT.V508.FILE550.PDS, moved to PDS/$MGBLDEF
2025-04-04 11:36:48.819671 - Found $MGFNAME.txt (text/plain) in CBT.V508.FILE550.PDS, moved to PDS/$MGFNAME
2025-04-04 11:36:48.819793 - Found $MGFNBR.txt (text/plain) in CBT.V508.FILE550.PDS, moved to PDS/$MGFNBR
2025-04-04 11:36:48.819924 - Found $MGPNAME.txt (text/plain) in CBT.V508.FILE550.PDS, moved to PDS/$MGPNAME
2025-04-04 11:36:48.820057 - Found @FILE550.txt (text/plain) in CBT.V508.FILE550.PDS, moved to PDS/@FILE550
2025-04-04 11:36:48.820206 - Found AFTER.txt (text/plain) in CBT.V508.FILE550.PDS, moved to PDS/AFTER
2025-04-04 11:36:48.820563 - Found BEGTEST.txt (text/plain) in CBT.V508.FILE550.PDS, moved to PDS/BEGTEST
2025-04-04 11:36:48.820765 - Found DO.txt (text/plain) in CBT.V508.FILE550.PDS, moved to PDS/DO
2025-04-04 11:36:48.820922 - Found DOCUMENT.txt (text/plain) in CBT.V508.FILE550.PDS, moved to PDS/DOCUMENT
2025-04-04 11:36:48.821056 - Found DOEXIT.txt (text/plain) in CBT.V508.FILE550.PDS, moved to PDS/DOEXIT
2025-04-04 11:36:48.821185 - Found DONEXT.txt (text/plain) in CBT.V508.FILE550.PDS, moved to PDS/DONEXT
2025-04-04 11:36:48.821316 - Found ELSE.txt (text/plain) in CBT.V508.FILE550.PDS, moved to PDS/ELSE
2025-04-04 11:36:48.821440 - Found ELSEDO.txt (text/plain) in CBT.V508.FILE550.PDS, moved to PDS/ELSEDO
2025-04-04 11:36:48.821578 - Found ELSEIF.txt (text/plain) in CBT.V508.FILE550.PDS, moved to PDS/ELSEIF
2025-04-04 11:36:48.821704 - Found ENDAFTER.txt (text/plain) in CBT.V508.FILE550.PDS, moved to PDS/ENDAFTER
2025-04-04 11:36:48.821847 - Found ENDELSE.txt (text/plain) in CBT.V508.FILE550.PDS, moved to PDS/ENDELSE
2025-04-04 11:36:48.822008 - Found ENDEVERY.txt (text/plain) in CBT.V508.FILE550.PDS, moved to PDS/ENDEVERY
2025-04-04 11:36:48.822138 - Found ENDFIRST.txt (text/plain) in CBT.V508.FILE550.PDS, moved to PDS/ENDFIRST
2025-04-04 11:36:48.822276 - Found ENDIF.txt (text/plain) in CBT.V508.FILE550.PDS, moved to PDS/ENDIF
2025-04-04 11:36:48.822586 - Found ENDO.txt (text/plain) in CBT.V508.FILE550.PDS, moved to PDS/ENDO
2025-04-04 11:36:48.822739 - Found ENDTEST.txt (text/plain) in CBT.V508.FILE550.PDS, moved to PDS/ENDTEST
2025-04-04 11:36:48.822885 - Found EQUATE.txt (text/plain) in CBT.V508.FILE550.PDS, moved to PDS/EQUATE
2025-04-04 11:36:48.823137 - Found EVERY.txt (text/plain) in CBT.V508.FILE550.PDS, moved to PDS/EVERY
2025-04-04 11:36:48.823263 - Found EXECUTE.txt (text/plain) in CBT.V508.FILE550.PDS, moved to PDS/EXECUTE
2025-04-04 11:36:48.824016 - Found FIRST.txt (text/plain) in CBT.V508.FILE550.PDS, moved to PDS/FIRST
2025-04-04 11:36:48.824238 - Found IF.txt (text/plain) in CBT.V508.FILE550.PDS, moved to PDS/IF
2025-04-04 11:36:48.824372 - Found OMGBLDEF.txt (text/plain) in CBT.V508.FILE550.PDS, moved to PDS/OMGBLDEF
2025-04-04 11:36:48.824523 - Found THENDO.txt (text/plain) in CBT.V508.FILE550.PDS, moved to PDS/THENDO
